<?xml version="1.0" encoding="utf-8"?><testsuites name="pytest tests"><testsuite name="pytest" errors="0" failures="0" skipped="0" tests="5" time="84.368" timestamp="2026-06-10T10:16:52.935058+05:30" hostname="Prasanna"><testcase classname="TutuorialNinja_DataDriven.test_login.TestLogin1" name="test_login[2k22cse115@kiot.ac.in-1234567890]" time="66.852" /><testcase classname="TutuorialNinja_DataDriven.test_login.TestLogin1" name="test_login[124@gmail.com-asdfghjkl;]" time="5.107" /><testcase classname="TutuorialNinja_DataDriven.test_login.TestLogin1" name="test_search[mac]" time="1.578" /><testcase classname="TutuorialNinja_DataDriven.test_login.TestLogin1" name="test_search[canon]" time="1.655" /><testcase classname="TutuorialNinja_DataDriven.test_login.TestLogin1" name="test_search[kiot]" time="8.836" /></testsuite></testsuites>